[2023-04-09T14:07:19.281781+00:00] DiscordPHP.DEBUG: Initializing DiscordPHP v7.3.0 (DiscordPHP-Http: v9.1.4 & Gateway: v9) on PHP 8.2.4 [] []
[2023-04-09T14:07:19.286042+00:00] DiscordPHP.DEBUG: BUCKET getoauth2/applications/@me queued REQ GET oauth2/applications/@me [] []
[2023-04-09T14:07:19.287482+00:00] DiscordPHP.DEBUG: BUCKET getgateway/bot queued REQ GET gateway/bot [] []
[2023-04-09T14:07:19.436216+00:00] DiscordPHP.WARNING: REQ GET oauth2/applications/@me failed: Discord\Http\Exceptions\InvalidTokenException: Unauthorized - {     "message": "401: Unauthorized",     "code": 0 } in /var/www/modify/src/vendor/discord-php/http/src/Discord/Http.php:482 Stack trace: #0 /var/www/modify/src/vendor/discord-php/http/src/Discord/Http.php(375): Discord\Http\Http->handleError() #1 /var/www/modify/src/vendor/react/promise/src/FulfilledPromise.php(42): Discord\Http\Http->Discord\Http\{closure}() #2 /var/www/modify/src/vendor/react/promise/src/Promise.php(66): React\Promise\FulfilledPromise->done() #3 /var/www/modify/src/vendor/react/promise/src/Promise.php(168): React\Promise\Promise::React\Promise\{closure}() #4 /var/www/modify/src/vendor/react/promise/src/Promise.php(231): React\Promise\Promise->settle() #5 /var/www/modify/src/vendor/react/promise/src/Deferred.php(36): React\Promise\Promise::React\Promise\{closure}() #6 /var/www/modify/src/vendor/react/http/src/Io/Transaction.php(89): React\Promise\Deferred->resolve() #7 /var/www/modify/src/vendor/react/promise/src/FulfilledPromise.php(28): React\Http\Io\Transaction->React\Http\Io\{closure}() #8 /var/www/modify/src/vendor/react/promise/src/Promise.php(134): React\Promise\FulfilledPromise->then() #9 /var/www/modify/src/vendor/react/promise/src/Promise.php(168): React\Promise\Promise::React\Promise\{closure}() #10 /var/www/modify/src/vendor/react/promise/src/Promise.php(231): React\Promise\Promise->settle() #11 /var/www/modify/src/vendor/react/promise/src/FulfilledPromise.php(42): React\Promise\Promise::React\Promise\{closure}() #12 /var/www/modify/src/vendor/react/promise/src/Promise.php(135): React\Promise\FulfilledPromise->done() #13 /var/www/modify/src/vendor/react/promise/src/Promise.php(168): React\Promise\Promise::React\Promise\{closure}() #14 /var/www/modify/src/vendor/react/promise/src/Promise.php(231): React\Promise\Promise->settle() #15 /var/www/modify/src/vendor/react/promise/src/FulfilledPromise.php(42): React\Promise\Promise::React\Promise\{closure}() #16 /var/www/modify/src/vendor/react/promise/src/Promise.php(66): React\Promise\FulfilledPromise->done() #17 /var/www/modify/src/vendor/react/promise/src/Promise.php(168): React\Promise\Promise::React\Promise\{closure}() #18 /var/www/modify/src/vendor/react/promise/src/Promise.php(231): React\Promise\Promise->settle() #19 /var/www/modify/src/vendor/react/promise/src/FulfilledPromise.php(42): React\Promise\Promise::React\Promise\{closure}() #20 /var/www/modify/src/vendor/react/promise/src/Promise.php(135): React\Promise\FulfilledPromise->done() #21 /var/www/modify/src/vendor/react/promise/src/Promise.php(168): React\Promise\Promise::React\Promise\{closure}() #22 /var/www/modify/src/vendor/react/promise/src/Promise.php(231): React\Promise\Promise->settle() #23 /var/www/modify/src/vendor/react/promise/src/FulfilledPromise.php(42): React\Promise\Promise::React\Promise\{closure}() #24 /var/www/modify/src/vendor/react/promise/src/Promise.php(135): React\Promise\FulfilledPromise->done() #25 /var/www/modify/src/vendor/react/promise/src/Promise.php(168): React\Promise\Promise::React\Promise\{closure}() #26 /var/www/modify/src/vendor/react/promise/src/Promise.php(231): React\Promise\Promise->settle() #27 /var/www/modify/src/vendor/react/promise-stream/src/functions.php(79): React\Promise\Promise::React\Promise\{closure}() #28 /var/www/modify/src/vendor/evenement/evenement/src/Evenement/EventEmitterTrait.php(123): React\Promise\Stream\{closure}() #29 /var/www/modify/src/vendor/react/http/src/Io/ReadableBodyStream.php(50): Evenement\EventEmitter->emit() #30 /var/www/modify/src/vendor/react/http/src/Io/ReadableBodyStream.php(151): React\Http\Io\ReadableBodyStream->close() #31 /var/www/modify/src/vendor/react/http/src/Io/ReadableBodyStream.php(33): React\Http\Io\ReadableBodyStream->handleEnd() #32 /var/www/modify/src/vendor/evenement/evenement/src/Evenement/EventEmitterTrait.php(123): React\Http\Io\ReadableBodyStream->React\Http\Io\{closure}() #33 /var/www/modify/src/vendor/react/http/src/Client/Request.php(163): Evenement\EventEmitter->emit() #34 /var/www/modify/src/vendor/evenement/evenement/src/Evenement/EventEmitterTrait.php(123): React\Http\Client\Request->handleData() #35 /var/www/modify/src/vendor/react/stream/src/Util.php(71): Evenement\EventEmitter->emit() #36 /var/www/modify/src/vendor/evenement/evenement/src/Evenement/EventEmitterTrait.php(123): React\Stream\Util::React\Stream\{closure}() #37 /var/www/modify/src/vendor/react/stream/src/DuplexResourceStream.php(196): Evenement\EventEmitter->emit() #38 /var/www/modify/src/vendor/react/event-loop/src/ExtUvLoop.php(310): React\Stream\DuplexResourceStream->handleData() #39 [internal function]: React\EventLoop\ExtUvLoop->React\EventLoop\{closure}() #40 /var/www/modify/src/vendor/react/event-loop/src/ExtUvLoop.php(232): uv_run() #41 /var/www/modify/src/vendor/team-reflex/discord-php/src/Discord/Discord.php(1437): React\EventLoop\ExtUvLoop->run() #42 /var/www/modify/src/DiscordClient.php(22): Discord\Discord->run() #43 /var/www/modify/src/ThreadManager.php(20): RPurinton\Modify\DiscordClient->__construct() #44 [internal function]: RPurinton\Modify\BunnyAsyncClient::RPurinton\Modify\{closure}() #45 {main} [] []
[2023-04-09T14:07:19.436336+00:00] DiscordPHP.DEBUG: http not checking {"waiting":1,"empty":true} []
[2023-04-09T14:07:19.444871+00:00] DiscordPHP.WARNING: REQ GET gateway/bot failed: Discord\Http\Exceptions\InvalidTokenException: Unauthorized - {     "message": "401: Unauthorized",     "code": 0 } in /var/www/modify/src/vendor/discord-php/http/src/Discord/Http.php:482 Stack trace: #0 /var/www/modify/src/vendor/discord-php/http/src/Discord/Http.php(375): Discord\Http\Http->handleError() #1 /var/www/modify/src/vendor/react/promise/src/FulfilledPromise.php(42): Discord\Http\Http->Discord\Http\{closure}() #2 /var/www/modify/src/vendor/react/promise/src/Promise.php(66): React\Promise\FulfilledPromise->done() #3 /var/www/modify/src/vendor/react/promise/src/Promise.php(168): React\Promise\Promise::React\Promise\{closure}() #4 /var/www/modify/src/vendor/react/promise/src/Promise.php(231): React\Promise\Promise->settle() #5 /var/www/modify/src/vendor/react/promise/src/Deferred.php(36): React\Promise\Promise::React\Promise\{closure}() #6 /var/www/modify/src/vendor/react/http/src/Io/Transaction.php(89): React\Promise\Deferred->resolve() #7 /var/www/modify/src/vendor/react/promise/src/FulfilledPromise.php(28): React\Http\Io\Transaction->React\Http\Io\{closure}() #8 /var/www/modify/src/vendor/react/promise/src/Promise.php(134): React\Promise\FulfilledPromise->then() #9 /var/www/modify/src/vendor/react/promise/src/Promise.php(168): React\Promise\Promise::React\Promise\{closure}() #10 /var/www/modify/src/vendor/react/promise/src/Promise.php(231): React\Promise\Promise->settle() #11 /var/www/modify/src/vendor/react/promise/src/FulfilledPromise.php(42): React\Promise\Promise::React\Promise\{closure}() #12 /var/www/modify/src/vendor/react/promise/src/Promise.php(135): React\Promise\FulfilledPromise->done() #13 /var/www/modify/src/vendor/react/promise/src/Promise.php(168): React\Promise\Promise::React\Promise\{closure}() #14 /var/www/modify/src/vendor/react/promise/src/Promise.php(231): React\Promise\Promise->settle() #15 /var/www/modify/src/vendor/react/promise/src/FulfilledPromise.php(42): React\Promise\Promise::React\Promise\{closure}() #16 /var/www/modify/src/vendor/react/promise/src/Promise.php(66): React\Promise\FulfilledPromise->done() #17 /var/www/modify/src/vendor/react/promise/src/Promise.php(168): React\Promise\Promise::React\Promise\{closure}() #18 /var/www/modify/src/vendor/react/promise/src/Promise.php(231): React\Promise\Promise->settle() #19 /var/www/modify/src/vendor/react/promise/src/FulfilledPromise.php(42): React\Promise\Promise::React\Promise\{closure}() #20 /var/www/modify/src/vendor/react/promise/src/Promise.php(135): React\Promise\FulfilledPromise->done() #21 /var/www/modify/src/vendor/react/promise/src/Promise.php(168): React\Promise\Promise::React\Promise\{closure}() #22 /var/www/modify/src/vendor/react/promise/src/Promise.php(231): React\Promise\Promise->settle() #23 /var/www/modify/src/vendor/react/promise/src/FulfilledPromise.php(42): React\Promise\Promise::React\Promise\{closure}() #24 /var/www/modify/src/vendor/react/promise/src/Promise.php(135): React\Promise\FulfilledPromise->done() #25 /var/www/modify/src/vendor/react/promise/src/Promise.php(168): React\Promise\Promise::React\Promise\{closure}() #26 /var/www/modify/src/vendor/react/promise/src/Promise.php(231): React\Promise\Promise->settle() #27 /var/www/modify/src/vendor/react/promise-stream/src/functions.php(79): React\Promise\Promise::React\Promise\{closure}() #28 /var/www/modify/src/vendor/evenement/evenement/src/Evenement/EventEmitterTrait.php(123): React\Promise\Stream\{closure}() #29 /var/www/modify/src/vendor/react/http/src/Io/ReadableBodyStream.php(50): Evenement\EventEmitter->emit() #30 /var/www/modify/src/vendor/react/http/src/Io/ReadableBodyStream.php(151): React\Http\Io\ReadableBodyStream->close() #31 /var/www/modify/src/vendor/react/http/src/Io/ReadableBodyStream.php(33): React\Http\Io\ReadableBodyStream->handleEnd() #32 /var/www/modify/src/vendor/evenement/evenement/src/Evenement/EventEmitterTrait.php(123): React\Http\Io\ReadableBodyStream->React\Http\Io\{closure}() #33 /var/www/modify/src/vendor/react/http/src/Client/Request.php(163): Evenement\EventEmitter->emit() #34 /var/www/modify/src/vendor/evenement/evenement/src/Evenement/EventEmitterTrait.php(123): React\Http\Client\Request->handleData() #35 /var/www/modify/src/vendor/react/stream/src/Util.php(71): Evenement\EventEmitter->emit() #36 /var/www/modify/src/vendor/evenement/evenement/src/Evenement/EventEmitterTrait.php(123): React\Stream\Util::React\Stream\{closure}() #37 /var/www/modify/src/vendor/react/stream/src/DuplexResourceStream.php(196): Evenement\EventEmitter->emit() #38 /var/www/modify/src/vendor/react/event-loop/src/ExtUvLoop.php(310): React\Stream\DuplexResourceStream->handleData() #39 [internal function]: React\EventLoop\ExtUvLoop->React\EventLoop\{closure}() #40 /var/www/modify/src/vendor/react/event-loop/src/ExtUvLoop.php(232): uv_run() #41 /var/www/modify/src/vendor/team-reflex/discord-php/src/Discord/Discord.php(1437): React\EventLoop\ExtUvLoop->run() #42 /var/www/modify/src/DiscordClient.php(22): Discord\Discord->run() #43 /var/www/modify/src/ThreadManager.php(20): RPurinton\Modify\DiscordClient->__construct() #44 [internal function]: RPurinton\Modify\BunnyAsyncClient::RPurinton\Modify\{closure}() #45 {main} [] []
[2023-04-09T14:07:19.444958+00:00] DiscordPHP.DEBUG: http not checking {"waiting":0,"empty":true} []
[2023-04-09T14:07:19.445006+00:00] DiscordPHP.WARNING: could not retrieve gateway, using default [] []
[2023-04-09T14:07:19.445027+00:00] DiscordPHP.INFO: gateway retrieved and set {"gateway":"wss://gateway.discord.gg/?v=9&encoding=json","session":{"total":1000,"remaining":1000,"reset_after":0,"max_concurrency":1}} []
[2023-04-09T14:07:19.445038+00:00] DiscordPHP.INFO: starting connection to websocket {"gateway":"wss://gateway.discord.gg/?v=9&encoding=json"} []
[2023-04-09T14:07:19.542060+00:00] DiscordPHP.INFO: websocket connection has been created [] []
[2023-04-09T14:07:19.542275+00:00] DiscordPHP.INFO: received hello [] []
[2023-04-09T14:07:19.542293+00:00] DiscordPHP.DEBUG: sending heartbeat {"seq":null} []
[2023-04-09T14:07:19.542346+00:00] DiscordPHP.INFO: heartbeat timer initilized {"interval":41250.0} []
[2023-04-09T14:07:19.542373+00:00] DiscordPHP.INFO: identifying {"payload":{"op":2,"d":{"token":"xxxxxx","properties":{"os":"Linux","browser":"DiscordBot (https://github.com/discord-php/DiscordPHP-HTTP, v9.1.4)","device":"DiscordBot (https://github.com/discord-php/DiscordPHP-HTTP, v9.1.4)","referrer":"https://github.com/discord-php/DiscordPHP","referring_domain":"https://github.com/discord-php/DiscordPHP"},"compress":true,"intents":3243773}}} []
[2023-04-09T14:07:19.557454+00:00] DiscordPHP.DEBUG: received heartbeat ack {"response_time":15.10000228881836} []
[2023-04-09T14:07:19.580352+00:00] DiscordPHP.WARNING: websocket closed {"op":4004,"reason":"Authentication failed."} []
[2023-04-09T14:07:19.580390+00:00] DiscordPHP.ERROR: not reconnecting - critical op code {"op":4004,"reason":"Authentication failed."} []
[2023-04-09T14:07:24.329093+00:00] DiscordPHP.DEBUG: Initializing DiscordPHP v7.3.0 (DiscordPHP-Http: v9.1.4 & Gateway: v9) on PHP 8.2.4 [] []
[2023-04-09T14:07:24.329229+00:00] DiscordPHP.DEBUG: BUCKET getoauth2/applications/@me queued REQ GET oauth2/applications/@me [] []
[2023-04-09T14:07:24.329649+00:00] DiscordPHP.DEBUG: BUCKET getgateway/bot queued REQ GET gateway/bot [] []
[2023-04-09T14:07:24.440212+00:00] DiscordPHP.WARNING: REQ GET gateway/bot failed: Discord\Http\Exceptions\InvalidTokenException: Unauthorized - {     "message": "401: Unauthorized",     "code": 0 } in /var/www/modify/src/vendor/discord-php/http/src/Discord/Http.php:482 Stack trace: #0 /var/www/modify/src/vendor/discord-php/http/src/Discord/Http.php(375): Discord\Http\Http->handleError() #1 /var/www/modify/src/vendor/react/promise/src/FulfilledPromise.php(42): Discord\Http\Http->Discord\Http\{closure}() #2 /var/www/modify/src/vendor/react/promise/src/Promise.php(66): React\Promise\FulfilledPromise->done() #3 /var/www/modify/src/vendor/react/promise/src/Promise.php(168): React\Promise\Promise::React\Promise\{closure}() #4 /var/www/modify/src/vendor/react/promise/src/Promise.php(231): React\Promise\Promise->settle() #5 /var/www/modify/src/vendor/react/promise/src/Deferred.php(36): React\Promise\Promise::React\Promise\{closure}() #6 /var/www/modify/src/vendor/react/http/src/Io/Transaction.php(89): React\Promise\Deferred->resolve() #7 /var/www/modify/src/vendor/react/promise/src/FulfilledPromise.php(28): React\Http\Io\Transaction->React\Http\Io\{closure}() #8 /var/www/modify/src/vendor/react/promise/src/Promise.php(134): React\Promise\FulfilledPromise->then() #9 /var/www/modify/src/vendor/react/promise/src/Promise.php(168): React\Promise\Promise::React\Promise\{closure}() #10 /var/www/modify/src/vendor/react/promise/src/Promise.php(231): React\Promise\Promise->settle() #11 /var/www/modify/src/vendor/react/promise/src/FulfilledPromise.php(42): React\Promise\Promise::React\Promise\{closure}() #12 /var/www/modify/src/vendor/react/promise/src/Promise.php(135): React\Promise\FulfilledPromise->done() #13 /var/www/modify/src/vendor/react/promise/src/Promise.php(168): React\Promise\Promise::React\Promise\{closure}() #14 /var/www/modify/src/vendor/react/promise/src/Promise.php(231): React\Promise\Promise->settle() #15 /var/www/modify/src/vendor/react/promise/src/FulfilledPromise.php(42): React\Promise\Promise::React\Promise\{closure}() #16 /var/www/modify/src/vendor/react/promise/src/Promise.php(66): React\Promise\FulfilledPromise->done() #17 /var/www/modify/src/vendor/react/promise/src/Promise.php(168): React\Promise\Promise::React\Promise\{closure}() #18 /var/www/modify/src/vendor/react/promise/src/Promise.php(231): React\Promise\Promise->settle() #19 /var/www/modify/src/vendor/react/promise/src/FulfilledPromise.php(42): React\Promise\Promise::React\Promise\{closure}() #20 /var/www/modify/src/vendor/react/promise/src/Promise.php(135): React\Promise\FulfilledPromise->done() #21 /var/www/modify/src/vendor/react/promise/src/Promise.php(168): React\Promise\Promise::React\Promise\{closure}() #22 /var/www/modify/src/vendor/react/promise/src/Promise.php(231): React\Promise\Promise->settle() #23 /var/www/modify/src/vendor/react/promise/src/FulfilledPromise.php(42): React\Promise\Promise::React\Promise\{closure}() #24 /var/www/modify/src/vendor/react/promise/src/Promise.php(135): React\Promise\FulfilledPromise->done() #25 /var/www/modify/src/vendor/react/promise/src/Promise.php(168): React\Promise\Promise::React\Promise\{closure}() #26 /var/www/modify/src/vendor/react/promise/src/Promise.php(231): React\Promise\Promise->settle() #27 /var/www/modify/src/vendor/react/promise-stream/src/functions.php(79): React\Promise\Promise::React\Promise\{closure}() #28 /var/www/modify/src/vendor/evenement/evenement/src/Evenement/EventEmitterTrait.php(123): React\Promise\Stream\{closure}() #29 /var/www/modify/src/vendor/react/http/src/Io/ReadableBodyStream.php(50): Evenement\EventEmitter->emit() #30 /var/www/modify/src/vendor/react/http/src/Io/ReadableBodyStream.php(151): React\Http\Io\ReadableBodyStream->close() #31 /var/www/modify/src/vendor/react/http/src/Io/ReadableBodyStream.php(33): React\Http\Io\ReadableBodyStream->handleEnd() #32 /var/www/modify/src/vendor/evenement/evenement/src/Evenement/EventEmitterTrait.php(123): React\Http\Io\ReadableBodyStream->React\Http\Io\{closure}() #33 /var/www/modify/src/vendor/react/http/src/Client/Request.php(163): Evenement\EventEmitter->emit() #34 /var/www/modify/src/vendor/evenement/evenement/src/Evenement/EventEmitterTrait.php(123): React\Http\Client\Request->handleData() #35 /var/www/modify/src/vendor/react/stream/src/Util.php(71): Evenement\EventEmitter->emit() #36 /var/www/modify/src/vendor/evenement/evenement/src/Evenement/EventEmitterTrait.php(123): React\Stream\Util::React\Stream\{closure}() #37 /var/www/modify/src/vendor/react/stream/src/DuplexResourceStream.php(196): Evenement\EventEmitter->emit() #38 /var/www/modify/src/vendor/react/event-loop/src/ExtUvLoop.php(310): React\Stream\DuplexResourceStream->handleData() #39 [internal function]: React\EventLoop\ExtUvLoop->React\EventLoop\{closure}() #40 /var/www/modify/src/vendor/react/event-loop/src/ExtUvLoop.php(232): uv_run() #41 /var/www/modify/src/vendor/team-reflex/discord-php/src/Discord/Discord.php(1437): React\EventLoop\ExtUvLoop->run() #42 /var/www/modify/src/DiscordClient.php(22): Discord\Discord->run() #43 /var/www/modify/src/ThreadManager.php(20): RPurinton\Modify\DiscordClient->__construct() #44 [internal function]: RPurinton\Modify\BunnyAsyncClient::RPurinton\Modify\{closure}() #45 {main} [] []
[2023-04-09T14:07:24.440262+00:00] DiscordPHP.DEBUG: http not checking {"waiting":1,"empty":true} []
[2023-04-09T14:07:24.440291+00:00] DiscordPHP.WARNING: could not retrieve gateway, using default [] []
[2023-04-09T14:07:24.440309+00:00] DiscordPHP.INFO: gateway retrieved and set {"gateway":"wss://gateway.discord.gg/?v=9&encoding=json","session":{"total":1000,"remaining":1000,"reset_after":0,"max_concurrency":1}} []
[2023-04-09T14:07:24.440324+00:00] DiscordPHP.INFO: starting connection to websocket {"gateway":"wss://gateway.discord.gg/?v=9&encoding=json"} []
[2023-04-09T14:07:24.455921+00:00] DiscordPHP.WARNING: REQ GET oauth2/applications/@me failed: Discord\Http\Exceptions\InvalidTokenException: Unauthorized - {     "message": "401: Unauthorized",     "code": 0 } in /var/www/modify/src/vendor/discord-php/http/src/Discord/Http.php:482 Stack trace: #0 /var/www/modify/src/vendor/discord-php/http/src/Discord/Http.php(375): Discord\Http\Http->handleError() #1 /var/www/modify/src/vendor/react/promise/src/FulfilledPromise.php(42): Discord\Http\Http->Discord\Http\{closure}() #2 /var/www/modify/src/vendor/react/promise/src/Promise.php(66): React\Promise\FulfilledPromise->done() #3 /var/www/modify/src/vendor/react/promise/src/Promise.php(168): React\Promise\Promise::React\Promise\{closure}() #4 /var/www/modify/src/vendor/react/promise/src/Promise.php(231): React\Promise\Promise->settle() #5 /var/www/modify/src/vendor/react/promise/src/Deferred.php(36): React\Promise\Promise::React\Promise\{closure}() #6 /var/www/modify/src/vendor/react/http/src/Io/Transaction.php(89): React\Promise\Deferred->resolve() #7 /var/www/modify/src/vendor/react/promise/src/FulfilledPromise.php(28): React\Http\Io\Transaction->React\Http\Io\{closure}() #8 /var/www/modify/src/vendor/react/promise/src/Promise.php(134): React\Promise\FulfilledPromise->then() #9 /var/www/modify/src/vendor/react/promise/src/Promise.php(168): React\Promise\Promise::React\Promise\{closure}() #10 /var/www/modify/src/vendor/react/promise/src/Promise.php(231): React\Promise\Promise->settle() #11 /var/www/modify/src/vendor/react/promise/src/FulfilledPromise.php(42): React\Promise\Promise::React\Promise\{closure}() #12 /var/www/modify/src/vendor/react/promise/src/Promise.php(135): React\Promise\FulfilledPromise->done() #13 /var/www/modify/src/vendor/react/promise/src/Promise.php(168): React\Promise\Promise::React\Promise\{closure}() #14 /var/www/modify/src/vendor/react/promise/src/Promise.php(231): React\Promise\Promise->settle() #15 /var/www/modify/src/vendor/react/promise/src/FulfilledPromise.php(42): React\Promise\Promise::React\Promise\{closure}() #16 /var/www/modify/src/vendor/react/promise/src/Promise.php(66): React\Promise\FulfilledPromise->done() #17 /var/www/modify/src/vendor/react/promise/src/Promise.php(168): React\Promise\Promise::React\Promise\{closure}() #18 /var/www/modify/src/vendor/react/promise/src/Promise.php(231): React\Promise\Promise->settle() #19 /var/www/modify/src/vendor/react/promise/src/FulfilledPromise.php(42): React\Promise\Promise::React\Promise\{closure}() #20 /var/www/modify/src/vendor/react/promise/src/Promise.php(135): React\Promise\FulfilledPromise->done() #21 /var/www/modify/src/vendor/react/promise/src/Promise.php(168): React\Promise\Promise::React\Promise\{closure}() #22 /var/www/modify/src/vendor/react/promise/src/Promise.php(231): React\Promise\Promise->settle() #23 /var/www/modify/src/vendor/react/promise/src/FulfilledPromise.php(42): React\Promise\Promise::React\Promise\{closure}() #24 /var/www/modify/src/vendor/react/promise/src/Promise.php(135): React\Promise\FulfilledPromise->done() #25 /var/www/modify/src/vendor/react/promise/src/Promise.php(168): React\Promise\Promise::React\Promise\{closure}() #26 /var/www/modify/src/vendor/react/promise/src/Promise.php(231): React\Promise\Promise->settle() #27 /var/www/modify/src/vendor/react/promise-stream/src/functions.php(79): React\Promise\Promise::React\Promise\{closure}() #28 /var/www/modify/src/vendor/evenement/evenement/src/Evenement/EventEmitterTrait.php(123): React\Promise\Stream\{closure}() #29 /var/www/modify/src/vendor/react/http/src/Io/ReadableBodyStream.php(50): Evenement\EventEmitter->emit() #30 /var/www/modify/src/vendor/react/http/src/Io/ReadableBodyStream.php(151): React\Http\Io\ReadableBodyStream->close() #31 /var/www/modify/src/vendor/react/http/src/Io/ReadableBodyStream.php(33): React\Http\Io\ReadableBodyStream->handleEnd() #32 /var/www/modify/src/vendor/evenement/evenement/src/Evenement/EventEmitterTrait.php(123): React\Http\Io\ReadableBodyStream->React\Http\Io\{closure}() #33 /var/www/modify/src/vendor/react/http/src/Client/Request.php(163): Evenement\EventEmitter->emit() #34 /var/www/modify/src/vendor/evenement/evenement/src/Evenement/EventEmitterTrait.php(123): React\Http\Client\Request->handleData() #35 /var/www/modify/src/vendor/react/stream/src/Util.php(71): Evenement\EventEmitter->emit() #36 /var/www/modify/src/vendor/evenement/evenement/src/Evenement/EventEmitterTrait.php(123): React\Stream\Util::React\Stream\{closure}() #37 /var/www/modify/src/vendor/react/stream/src/DuplexResourceStream.php(196): Evenement\EventEmitter->emit() #38 /var/www/modify/src/vendor/react/event-loop/src/ExtUvLoop.php(310): React\Stream\DuplexResourceStream->handleData() #39 [internal function]: React\EventLoop\ExtUvLoop->React\EventLoop\{closure}() #40 /var/www/modify/src/vendor/react/event-loop/src/ExtUvLoop.php(232): uv_run() #41 /var/www/modify/src/vendor/team-reflex/discord-php/src/Discord/Discord.php(1437): React\EventLoop\ExtUvLoop->run() #42 /var/www/modify/src/DiscordClient.php(22): Discord\Discord->run() #43 /var/www/modify/src/ThreadManager.php(20): RPurinton\Modify\DiscordClient->__construct() #44 [internal function]: RPurinton\Modify\BunnyAsyncClient::RPurinton\Modify\{closure}() #45 {main} [] []
[2023-04-09T14:07:24.455961+00:00] DiscordPHP.DEBUG: http not checking {"waiting":0,"empty":true} []
[2023-04-09T14:07:24.530933+00:00] DiscordPHP.INFO: websocket connection has been created [] []
[2023-04-09T14:07:24.531025+00:00] DiscordPHP.INFO: received hello [] []
[2023-04-09T14:07:24.531044+00:00] DiscordPHP.DEBUG: sending heartbeat {"seq":null} []
[2023-04-09T14:07:24.531090+00:00] DiscordPHP.INFO: heartbeat timer initilized {"interval":41250.0} []
[2023-04-09T14:07:24.531105+00:00] DiscordPHP.INFO: identifying {"payload":{"op":2,"d":{"token":"xxxxxx","properties":{"os":"Linux","browser":"DiscordBot (https://github.com/discord-php/DiscordPHP-HTTP, v9.1.4)","device":"DiscordBot (https://github.com/discord-php/DiscordPHP-HTTP, v9.1.4)","referrer":"https://github.com/discord-php/DiscordPHP","referring_domain":"https://github.com/discord-php/DiscordPHP"},"compress":true,"intents":3243773}}} []
[2023-04-09T14:07:24.552525+00:00] DiscordPHP.DEBUG: received heartbeat ack {"response_time":21.42810821533203} []
[2023-04-09T14:07:24.567395+00:00] DiscordPHP.WARNING: websocket closed {"op":4004,"reason":"Authentication failed."} []
[2023-04-09T14:07:24.567431+00:00] DiscordPHP.ERROR: not reconnecting - critical op code {"op":4004,"reason":"Authentication failed."} []
[2023-04-09T14:07:42.163770+00:00] DiscordPHP.DEBUG: Initializing DiscordPHP v7.3.0 (DiscordPHP-Http: v9.1.4 & Gateway: v9) on PHP 8.2.4 [] []
[2023-04-09T14:07:42.168067+00:00] DiscordPHP.DEBUG: BUCKET getoauth2/applications/@me queued REQ GET oauth2/applications/@me [] []
[2023-04-09T14:07:42.169503+00:00] DiscordPHP.DEBUG: BUCKET getgateway/bot queued REQ GET gateway/bot [] []
[2023-04-09T14:07:42.307966+00:00] DiscordPHP.DEBUG: REQ GET oauth2/applications/@me successful [] []
[2023-04-09T14:07:42.307994+00:00] DiscordPHP.DEBUG: http not checking {"waiting":1,"empty":true} []
[2023-04-09T14:07:42.436857+00:00] DiscordPHP.DEBUG: REQ GET gateway/bot successful [] []
[2023-04-09T14:07:42.436891+00:00] DiscordPHP.DEBUG: http not checking {"waiting":0,"empty":true} []
[2023-04-09T14:07:42.436950+00:00] DiscordPHP.INFO: gateway retrieved and set {"gateway":"wss://gateway.discord.gg/?v=9&encoding=json","session":{"total":1000,"remaining":988,"reset_after":72893645,"max_concurrency":1}} []
[2023-04-09T14:07:42.436970+00:00] DiscordPHP.INFO: starting connection to websocket {"gateway":"wss://gateway.discord.gg/?v=9&encoding=json"} []
[2023-04-09T14:07:42.531393+00:00] DiscordPHP.INFO: websocket connection has been created [] []
[2023-04-09T14:07:42.531591+00:00] DiscordPHP.INFO: received hello [] []
[2023-04-09T14:07:42.531608+00:00] DiscordPHP.DEBUG: sending heartbeat {"seq":null} []
[2023-04-09T14:07:42.531653+00:00] DiscordPHP.INFO: heartbeat timer initilized {"interval":41250.0} []
[2023-04-09T14:07:42.531673+00:00] DiscordPHP.INFO: identifying {"payload":{"op":2,"d":{"token":"xxxxxx","properties":{"os":"Linux","browser":"DiscordBot (https://github.com/discord-php/DiscordPHP-HTTP, v9.1.4)","device":"DiscordBot (https://github.com/discord-php/DiscordPHP-HTTP, v9.1.4)","referrer":"https://github.com/discord-php/DiscordPHP","referring_domain":"https://github.com/discord-php/DiscordPHP"},"compress":true,"intents":3243773}}} []
[2023-04-09T14:07:42.546504+00:00] DiscordPHP.DEBUG: received heartbeat ack {"response_time":14.841794967651367} []
[2023-04-09T14:07:42.648522+00:00] DiscordPHP.DEBUG: ready packet received [] []
[2023-04-09T14:07:42.648551+00:00] DiscordPHP.DEBUG: resume_gateway_url received {"url":"wss://gateway-us-east1-d.discord.gg"} []
[2023-04-09T14:07:42.648572+00:00] DiscordPHP.DEBUG: discord trace received {"trace":["[\"gateway-prd-us-east1-d-rvb4\",{\"micros\":101710,\"calls\":[\"id_created\",{\"micros\":2306,\"calls\":[]},\"session_lookup_time\",{\"micros\":403,\"calls\":[]},\"session_lookup_finished\",{\"micros\":13,\"calls\":[]},\"discord-sessions-blue-prd-2-153\",{\"micros\":98661,\"calls\":[\"start_session\",{\"micros\":48204,\"calls\":[\"discord-api-5fc54ccb5c-8nw7b\",{\"micros\":43812,\"calls\":[\"get_user\",{\"micros\":12706},\"get_guilds\",{\"micros\":3494},\"send_scheduled_deletion_message\",{\"micros\":12},\"guild_join_requests\",{\"micros\":3331},\"authorized_ip_coro\",{\"micros\":12}]}]},\"starting_guild_connect\",{\"micros\":57,\"calls\":[]},\"presence_started\",{\"micros\":7278,\"calls\":[]},\"guilds_started\",{\"micros\":122,\"calls\":[]},\"guilds_connect\",{\"micros\":1,\"calls\":[]},\"presence_connect\",{\"micros\":42967,\"calls\":[]},\"connect_finished\",{\"micros\":42973,\"calls\":[]},\"build_ready\",{\"micros\":22,\"calls\":[]},\"clean_ready\",{\"micros\":2,\"calls\":[]},\"optimize_ready\",{\"micros\":0,\"calls\":[]},\"split_ready\",{\"micros\":1,\"calls\":[]}]}]}]"]} []
[2023-04-09T14:07:42.648814+00:00] DiscordPHP.DEBUG: client created and session id stored {"session_id":"2f8d92b29717442276dc9a927968d8b2","user":{"id":"1094509798277529702","username":"Modify","discriminator":"9402","avatar":"https://cdn.discordapp.com/avatars/1094509798277529702/a42074c5367d2b242c1fe3429aacefe5.webp?size=1024","bot":true,"system":null,"mfa_enabled":false,"locale":null,"verified":true,"email":null,"flags":0,"banner":null,"accent_color":null,"premium_type":null,"public_flags":null}} []
[2023-04-09T14:07:42.649401+00:00] DiscordPHP.INFO: stored guilds {"count":0,"unavailable":2} []
[2023-04-09T14:07:42.655989+00:00] DiscordPHP.DEBUG: guild available {"guild":"1089762294340272179","unavailable":2} []
[2023-04-09T14:07:42.656542+00:00] DiscordPHP.DEBUG: guild available {"guild":"1046522123939758171","unavailable":1} []
[2023-04-09T14:07:42.656559+00:00] DiscordPHP.INFO: all guilds are now available {"count":2} []
[2023-04-09T14:07:42.656579+00:00] DiscordPHP.INFO: loadAllMembers option is disabled, not setting chunking up [] []
[2023-04-09T14:07:42.656587+00:00] DiscordPHP.INFO: client is ready [] []
Deleting message Array
(
    [type] => 0
    [tts] => 
    [timestamp] => 2023-04-09T14:07:49.813000+00:00
    [referenced_message] => 
    [pinned] => 
    [nonce] => 1094624723876184064
    [mentions] => Array
        (
        )

    [mention_roles] => Array
        (
        )

    [mention_everyone] => 
    [member] => Array
        (
            [roles] => Array
                (
                )

            [premium_since] => 
            [pending] => 
            [nick] => 
            [mute] => 
            [joined_at] => 2023-03-27T04:06:17.806000+00:00
            [flags] => 0
            [deaf] => 
            [communication_disabled_until] => 
            [avatar] => 
        )

    [id] => 1094624717572407377
    [flags] => 0
    [embeds] => Array
        (
        )

    [edited_timestamp] => 
    [content] => die nigger faggot
    [components] => Array
        (
        )

    [channel_id] => 1089762295145574513
    [author] => Array
        (
            [username] => Laozi
            [public_flags] => 4194368
            [id] => 363853952749404162
            [global_name] => 
            [display_name] => 
            [discriminator] => 5314
            [avatar_decoration] => 
            [avatar] => befb0411a51c364505e1403720980969
        )

    [attachments] => Array
        (
        )

    [guild_id] => 1089762294340272179
    [function] => MESSAGE_DELETE
)
[2023-04-09T14:07:50.501750+00:00] DiscordPHP.DEBUG: BUCKET getchannels/1089762295145574513/messages/:message_id queued REQ GET channels/1089762295145574513/messages/1094624717572407377 [] []
[2023-04-09T14:07:50.671871+00:00] DiscordPHP.DEBUG: REQ GET channels/1089762295145574513/messages/1094624717572407377 successful [] []
[2023-04-09T14:07:50.671935+00:00] DiscordPHP.DEBUG: http not checking {"waiting":0,"empty":true} []
[2023-04-09T14:07:50.672029+00:00] DiscordPHP.DEBUG: BUCKET deletechannels/1089762295145574513/messages/:message_id queued REQ DELETE channels/1089762295145574513/messages/1094624717572407377 [] []
[2023-04-09T14:07:50.881768+00:00] DiscordPHP.DEBUG: REQ DELETE channels/1089762295145574513/messages/1094624717572407377 successful [] []
[2023-04-09T14:07:50.881799+00:00] DiscordPHP.DEBUG: http not checking {"waiting":0,"empty":true} []
[2023-04-09T14:08:23.791317+00:00] DiscordPHP.DEBUG: sending heartbeat {"seq":6} []
[2023-04-09T14:08:23.809217+00:00] DiscordPHP.DEBUG: received heartbeat ack {"response_time":17.81606674194336} []
[2023-04-09T14:08:42.531381+00:00] DiscordPHP.DEBUG: resetting payload count {"count":3} []
Deleting message Array
(
    [type] => 0
    [tts] => 
    [timestamp] => 2023-04-09T14:08:42.011000+00:00
    [referenced_message] => 
    [pinned] => 
    [nonce] => 1094624942919516160
    [mentions] => Array
        (
        )

    [mention_roles] => Array
        (
        )

    [mention_everyone] => 
    [member] => Array
        (
            [roles] => Array
                (
                    [0] => 1089070254849785887
                )

            [premium_since] => 
            [pending] => 
            [nick] => 大老子
            [mute] => 
            [joined_at] => 2023-03-25T05:37:30.057000+00:00
            [flags] => 0
            [deaf] => 
            [communication_disabled_until] => 
            [avatar] => 
        )

    [id] => 1094624936506699906
    [flags] => 0
    [embeds] => Array
        (
        )

    [edited_timestamp] => 
    [content] => die nigger faggot
    [components] => Array
        (
        )

    [channel_id] => 1089060471321153548
    [author] => Array
        (
            [username] => Laozi
            [public_flags] => 4194368
            [id] => 363853952749404162
            [global_name] => 
            [display_name] => 
            [discriminator] => 5314
            [avatar_decoration] => 
            [avatar] => befb0411a51c364505e1403720980969
        )

    [attachments] => Array
        (
        )

    [guild_id] => 1089060470805245992
    [function] => MESSAGE_DELETE
)
[2023-04-09T14:08:42.661374+00:00] DiscordPHP.DEBUG: BUCKET getchannels/1089060471321153548/messages/:message_id queued REQ GET channels/1089060471321153548/messages/1094624936506699906 [] []
[2023-04-09T14:08:42.798757+00:00] DiscordPHP.DEBUG: REQ GET channels/1089060471321153548/messages/1094624936506699906 successful [] []
[2023-04-09T14:08:42.798787+00:00] DiscordPHP.DEBUG: http not checking {"waiting":0,"empty":true} []
[2023-04-09T14:08:42.798858+00:00] DiscordPHP.DEBUG: BUCKET deletechannels/1089060471321153548/messages/:message_id queued REQ DELETE channels/1089060471321153548/messages/1094624936506699906 [] []
[2023-04-09T14:08:42.968036+00:00] DiscordPHP.DEBUG: REQ DELETE channels/1089060471321153548/messages/1094624936506699906 successful [] []
[2023-04-09T14:08:42.968068+00:00] DiscordPHP.DEBUG: http not checking {"waiting":0,"empty":true} []
[2023-04-09T14:09:05.062684+00:00] DiscordPHP.DEBUG: sending heartbeat {"seq":11} []
[2023-04-09T14:09:05.078922+00:00] DiscordPHP.DEBUG: received heartbeat ack {"response_time":16.15595817565918} []
[2023-04-09T14:09:42.531938+00:00] DiscordPHP.DEBUG: resetting payload count {"count":1} []
[2023-04-09T14:09:46.316973+00:00] DiscordPHP.DEBUG: sending heartbeat {"seq":12} []
[2023-04-09T14:09:46.335356+00:00] DiscordPHP.DEBUG: received heartbeat ack {"response_time":18.268823623657227} []
[2023-04-09T14:10:27.568536+00:00] DiscordPHP.DEBUG: sending heartbeat {"seq":13} []
[2023-04-09T14:10:27.585497+00:00] DiscordPHP.DEBUG: received heartbeat ack {"response_time":16.87312126159668} []
[2023-04-09T14:10:42.546750+00:00] DiscordPHP.DEBUG: resetting payload count {"count":2} []
[2023-04-09T14:11:08.845063+00:00] DiscordPHP.DEBUG: sending heartbeat {"seq":13} []
[2023-04-09T14:11:08.860380+00:00] DiscordPHP.DEBUG: received heartbeat ack {"response_time":15.225887298583984} []
[2023-04-09T14:11:42.564472+00:00] DiscordPHP.DEBUG: resetting payload count {"count":1} []
[2023-04-09T14:11:50.103602+00:00] DiscordPHP.DEBUG: sending heartbeat {"seq":14} []
[2023-04-09T14:11:50.119069+00:00] DiscordPHP.DEBUG: received heartbeat ack {"response_time":15.377998352050781} []
[2023-04-09T14:12:31.360511+00:00] DiscordPHP.DEBUG: sending heartbeat {"seq":15} []
[2023-04-09T14:12:31.375746+00:00] DiscordPHP.DEBUG: received heartbeat ack {"response_time":15.145063400268555} []
[2023-04-09T14:12:42.572837+00:00] DiscordPHP.DEBUG: resetting payload count {"count":2} []
[2023-04-09T14:13:12.640079+00:00] DiscordPHP.DEBUG: sending heartbeat {"seq":15} []
[2023-04-09T14:13:12.655670+00:00] DiscordPHP.DEBUG: received heartbeat ack {"response_time":15.507221221923828} []
[2023-04-09T14:13:42.590753+00:00] DiscordPHP.DEBUG: resetting payload count {"count":1} []
[2023-04-09T14:13:53.903284+00:00] DiscordPHP.DEBUG: sending heartbeat {"seq":16} []
[2023-04-09T14:13:53.919321+00:00] DiscordPHP.DEBUG: received heartbeat ack {"response_time":15.952110290527344} []
[2023-04-09T14:14:35.163829+00:00] DiscordPHP.DEBUG: sending heartbeat {"seq":17} []
[2023-04-09T14:14:35.178979+00:00] DiscordPHP.DEBUG: received heartbeat ack {"response_time":15.057802200317383} []
[2023-04-09T14:14:42.597695+00:00] DiscordPHP.DEBUG: resetting payload count {"count":2} []
[2023-04-09T14:15:16.413836+00:00] DiscordPHP.DEBUG: sending heartbeat {"seq":17} []
[2023-04-09T14:15:16.429395+00:00] DiscordPHP.DEBUG: received heartbeat ack {"response_time":15.431880950927734} []
[2023-04-09T14:15:42.605934+00:00] DiscordPHP.DEBUG: resetting payload count {"count":1} []
[2023-04-09T14:15:57.679160+00:00] DiscordPHP.DEBUG: sending heartbeat {"seq":18} []
[2023-04-09T14:15:57.695075+00:00] DiscordPHP.DEBUG: received heartbeat ack {"response_time":15.825986862182617} []
[2023-04-09T14:16:38.943429+00:00] DiscordPHP.DEBUG: sending heartbeat {"seq":19} []
[2023-04-09T14:16:38.963288+00:00] DiscordPHP.DEBUG: received heartbeat ack {"response_time":19.76799964904785} []
[2023-04-09T14:16:42.609237+00:00] DiscordPHP.DEBUG: resetting payload count {"count":2} []
[2023-04-09T14:17:20.194185+00:00] DiscordPHP.DEBUG: sending heartbeat {"seq":19} []
[2023-04-09T14:17:20.209709+00:00] DiscordPHP.DEBUG: received heartbeat ack {"response_time":15.424013137817383} []
[2023-04-09T14:17:42.627221+00:00] DiscordPHP.DEBUG: resetting payload count {"count":1} []
[2023-04-09T14:18:01.463927+00:00] DiscordPHP.DEBUG: sending heartbeat {"seq":20} []
[2023-04-09T14:18:01.480246+00:00] DiscordPHP.DEBUG: received heartbeat ack {"response_time":16.233205795288086} []
[2023-04-09T14:18:42.644999+00:00] DiscordPHP.DEBUG: resetting payload count {"count":1} []
[2023-04-09T14:18:42.714877+00:00] DiscordPHP.DEBUG: sending heartbeat {"seq":21} []
[2023-04-09T14:18:42.729861+00:00] DiscordPHP.DEBUG: received heartbeat ack {"response_time":14.89710807800293} []
[2023-04-09T14:19:23.976351+00:00] DiscordPHP.DEBUG: sending heartbeat {"seq":21} []
[2023-04-09T14:19:23.991720+00:00] DiscordPHP.DEBUG: received heartbeat ack {"response_time":15.285015106201172} []
[2023-04-09T14:19:42.662801+00:00] DiscordPHP.DEBUG: resetting payload count {"count":2} []
[2023-04-09T14:20:05.249714+00:00] DiscordPHP.DEBUG: sending heartbeat {"seq":22} []
[2023-04-09T14:20:05.265111+00:00] DiscordPHP.DEBUG: received heartbeat ack {"response_time":15.313863754272461} []
[2023-04-09T14:20:42.679650+00:00] DiscordPHP.DEBUG: resetting payload count {"count":1} []
[2023-04-09T14:20:46.504751+00:00] DiscordPHP.DEBUG: sending heartbeat {"seq":23} []
[2023-04-09T14:20:46.520038+00:00] DiscordPHP.DEBUG: received heartbeat ack {"response_time":15.202999114990234} []
[2023-04-09T14:21:27.758601+00:00] DiscordPHP.DEBUG: sending heartbeat {"seq":24} []
[2023-04-09T14:21:27.774599+00:00] DiscordPHP.DEBUG: received heartbeat ack {"response_time":15.913963317871094} []
[2023-04-09T14:21:42.688968+00:00] DiscordPHP.DEBUG: resetting payload count {"count":2} []
[2023-04-09T14:22:09.031762+00:00] DiscordPHP.DEBUG: sending heartbeat {"seq":24} []
[2023-04-09T14:22:09.052523+00:00] DiscordPHP.DEBUG: received heartbeat ack {"response_time":20.66183090209961} []
[2023-04-09T14:22:42.690847+00:00] DiscordPHP.DEBUG: resetting payload count {"count":1} []
[2023-04-09T14:22:50.289696+00:00] DiscordPHP.DEBUG: sending heartbeat {"seq":25} []
[2023-04-09T14:22:50.305091+00:00] DiscordPHP.DEBUG: received heartbeat ack {"response_time":15.304803848266602} []
[2023-04-09T14:23:31.546616+00:00] DiscordPHP.DEBUG: sending heartbeat {"seq":26} []
[2023-04-09T14:23:31.562919+00:00] DiscordPHP.DEBUG: received heartbeat ack {"response_time":16.19696617126465} []
[2023-04-09T14:23:42.692943+00:00] DiscordPHP.DEBUG: resetting payload count {"count":2} []
[2023-04-09T14:24:12.796937+00:00] DiscordPHP.DEBUG: sending heartbeat {"seq":26} []
[2023-04-09T14:24:12.812192+00:00] DiscordPHP.DEBUG: received heartbeat ack {"response_time":15.177011489868164} []
[2023-04-09T14:24:42.694966+00:00] DiscordPHP.DEBUG: resetting payload count {"count":1} []
[2023-04-09T14:24:54.058557+00:00] DiscordPHP.DEBUG: sending heartbeat {"seq":27} []
[2023-04-09T14:24:54.077424+00:00] DiscordPHP.DEBUG: received heartbeat ack {"response_time":18.77617835998535} []
[2023-04-09T14:25:35.318984+00:00] DiscordPHP.DEBUG: sending heartbeat {"seq":28} []
[2023-04-09T14:25:35.335250+00:00] DiscordPHP.DEBUG: received heartbeat ack {"response_time":16.18194580078125} []
[2023-04-09T14:25:42.696959+00:00] DiscordPHP.DEBUG: resetting payload count {"count":2} []
[2023-04-09T14:26:16.572018+00:00] DiscordPHP.DEBUG: sending heartbeat {"seq":28} []
[2023-04-09T14:26:16.589656+00:00] DiscordPHP.DEBUG: received heartbeat ack {"response_time":17.55499839782715} []
[2023-04-09T14:26:42.698871+00:00] DiscordPHP.DEBUG: resetting payload count {"count":1} []
[2023-04-09T14:26:57.834103+00:00] DiscordPHP.DEBUG: sending heartbeat {"seq":29} []
[2023-04-09T14:26:57.849631+00:00] DiscordPHP.DEBUG: received heartbeat ack {"response_time":15.439987182617188} []
[2023-04-09T14:27:39.098798+00:00] DiscordPHP.DEBUG: sending heartbeat {"seq":30} []
[2023-04-09T14:27:39.116906+00:00] DiscordPHP.DEBUG: received heartbeat ack {"response_time":18.018007278442383} []
[2023-04-09T14:27:42.700851+00:00] DiscordPHP.DEBUG: resetting payload count {"count":2} []
[2023-04-09T14:28:20.355001+00:00] DiscordPHP.DEBUG: sending heartbeat {"seq":30} []
[2023-04-09T14:28:20.370752+00:00] DiscordPHP.DEBUG: received heartbeat ack {"response_time":15.66314697265625} []
[2023-04-09T14:28:42.702716+00:00] DiscordPHP.DEBUG: resetting payload count {"count":1} []
[2023-04-09T14:29:01.624926+00:00] DiscordPHP.DEBUG: sending heartbeat {"seq":31} []
[2023-04-09T14:29:01.640207+00:00] DiscordPHP.DEBUG: received heartbeat ack {"response_time":15.17796516418457} []
[2023-04-09T14:29:42.704951+00:00] DiscordPHP.DEBUG: resetting payload count {"count":1} []
[2023-04-09T14:29:42.876191+00:00] DiscordPHP.DEBUG: sending heartbeat {"seq":32} []
[2023-04-09T14:29:42.892058+00:00] DiscordPHP.DEBUG: received heartbeat ack {"response_time":15.748023986816406} []
[2023-04-09T14:30:24.136562+00:00] DiscordPHP.DEBUG: sending heartbeat {"seq":32} []
[2023-04-09T14:30:24.152775+00:00] DiscordPHP.DEBUG: received heartbeat ack {"response_time":16.12710952758789} []
[2023-04-09T14:30:42.706944+00:00] DiscordPHP.DEBUG: resetting payload count {"count":2} []
[2023-04-09T14:31:05.409818+00:00] DiscordPHP.DEBUG: sending heartbeat {"seq":33} []
[2023-04-09T14:31:05.427023+00:00] DiscordPHP.DEBUG: received heartbeat ack {"response_time":17.08388328552246} []
[2023-04-09T14:31:42.708943+00:00] DiscordPHP.DEBUG: resetting payload count {"count":1} []
[2023-04-09T14:31:46.665142+00:00] DiscordPHP.DEBUG: sending heartbeat {"seq":34} []
[2023-04-09T14:31:46.680921+00:00] DiscordPHP.DEBUG: received heartbeat ack {"response_time":15.676021575927734} []
[2023-04-09T14:32:27.918061+00:00] DiscordPHP.DEBUG: sending heartbeat {"seq":35} []
[2023-04-09T14:32:27.935872+00:00] DiscordPHP.DEBUG: received heartbeat ack {"response_time":17.728090286254883} []
